make --dry-run --keep-going --print-directory
make: Entering directory '/home/mengcode/projek/OSeraX/v2/OSeKAI_limine'
make -C src
 
make[1]: Entering directory '/home/mengcode/projek/OSeraX/v2/OSeKAI_limine/src'
 
make[1]: Nothing to be done for 'all'.
make[1]: Leaving directory '/home/mengcode/projek/OSeraX/v2/OSeKAI_limine/src'
rm -rf iso_root
mkdir -p iso_root
cp src/kernel/kernel.elf \
	limine.cfg limine/limine.sys limine/limine-cd.bin \
	limine/limine-cd-efi.bin \
	src/style/purple_esthetic_wallpaper.bmp src/style/unifont.bin src/style/unifont.sfn iso_root/
xorriso -as mkisofs -b limine-cd.bin \
	-no-emul-boot -boot-load-size 4 -boot-info-table \
	--efi-boot limine-cd-efi.bin \
	-efi-boot-part --efi-boot-image --protective-msdos-label \
	iso_root -o oserax.iso
limine/limine-deploy oserax.iso
rm -rf iso_root
make: Leaving directory '/home/mengcode/projek/OSeraX/v2/OSeKAI_limine'
 
